<?xml version="1.0" encoding="UTF-8"?>
<testsuite name="test.task.SpringProject.SumServiceTest" tests="3" skipped="0" failures="0" errors="0" timestamp="2022-05-27T08:48:34" hostname="DESKTOP-SCLFEDF" time="0.762">
  <properties/>
  <testcase name="removeRecord()" classname="test.task.SpringProject.SumServiceTest" time="0.713"/>
  <testcase name="addRecord()" classname="test.task.SpringProject.SumServiceTest" time="0.01"/>
  <testcase name="sumRecord()" classname="test.task.SpringProject.SumServiceTest" time="0.037"/>
  <system-out><![CDATA[11:48:28.972 [Test worker] DEBUG org.springframework.test.context.BootstrapUtils - Instantiating CacheAwareContextLoaderDelegate from class [org.springframework.test.context.cache.DefaultCacheAwareContextLoaderDelegate]
11:48:28.992 [Test worker] DEBUG org.springframework.test.context.BootstrapUtils - Instantiating BootstrapContext using constructor [public org.springframework.test.context.support.DefaultBootstrapContext(java.lang.Class,org.springframework.test.context.CacheAwareContextLoaderDelegate)]
11:48:29.010 [Test worker] DEBUG org.springframework.test.context.BootstrapUtils - Instantiating TestContextBootstrapper for test class [test.task.SpringProject.SumServiceTest] from class [org.springframework.boot.test.context.SpringBootTestContextBootstrapper]
11:48:29.029 [Test worker] INFO org.springframework.boot.test.context.SpringBootTestContextBootstrapper - Neither @ContextConfiguration nor @ContextHierarchy found for test class [test.task.SpringProject.SumServiceTest], using SpringBootContextLoader
11:48:29.034 [Test worker] DEBUG org.springframework.test.context.support.AbstractContextLoader - Did not detect default resource location for test class [test.task.SpringProject.SumServiceTest]: class path resource [test/task/SpringProject/SumServiceTest-context.xml] does not exist
11:48:29.035 [Test worker] DEBUG org.springframework.test.context.support.AbstractContextLoader - Did not detect default resource location for test class [test.task.SpringProject.SumServiceTest]: class path resource [test/task/SpringProject/SumServiceTestContext.groovy] does not exist
11:48:29.035 [Test worker] INFO org.springframework.test.context.support.AbstractContextLoader - Could not detect default resource locations for test class [test.task.SpringProject.SumServiceTest]: no resource found for suffixes {-context.xml, Context.groovy}.
11:48:29.037 [Test worker] INFO org.springframework.test.context.support.AnnotationConfigContextLoaderUtils - Could not detect default configuration classes for test class [test.task.SpringProject.SumServiceTest]: SumServiceTest does not declare any static, non-private, non-final, nested classes annotated with @Configuration.
11:48:29.086 [Test worker] DEBUG org.springframework.test.context.support.ActiveProfilesUtils - Could not find an 'annotation declaring class' for annotation type [org.springframework.test.context.ActiveProfiles] and class [test.task.SpringProject.SumServiceTest]
11:48:29.200 [Test worker] DEBUG org.springframework.context.annotation.ClassPathScanningCandidateComponentProvider - Identified candidate component class: file [H:\projects\SumService-main\SumService-main\build\classes\java\main\test\task\SpringProject\SpringProjectApplication.class]
11:48:29.202 [Test worker] INFO org.springframework.boot.test.context.SpringBootTestContextBootstrapper - Found @SpringBootConfiguration test.task.SpringProject.SpringProjectApplication for test class test.task.SpringProject.SumServiceTest
11:48:29.312 [Test worker] DEBUG org.springframework.boot.test.context.SpringBootTestContextBootstrapper - @TestExecutionListeners is not present for class [test.task.SpringProject.SumServiceTest]: using defaults.
11:48:29.312 [Test worker] INFO org.springframework.boot.test.context.SpringBootTestContextBootstrapper - Loaded default TestExecutionListener class names from location [META-INF/spring.factories]: [org.springframework.boot.test.autoconfigure.restdocs.RestDocsTestExecutionListener, org.springframework.boot.test.autoconfigure.web.client.MockRestServiceServerResetTestExecutionListener, org.springframework.boot.test.autoconfigure.web.servlet.MockMvcPrintOnlyOnFailureTestExecutionListener, org.springframework.boot.test.autoconfigure.web.servlet.WebDriverTestExecutionListener, org.springframework.boot.test.mock.mockito.MockitoTestExecutionListener, org.springframework.boot.test.mock.mockito.ResetMocksTestExecutionListener, org.springframework.test.context.web.ServletTestExecutionListener, org.springframework.test.context.support.DirtiesContextBeforeModesTestExecutionListener, org.springframework.test.context.support.DependencyInjectionTestExecutionListener, org.springframework.test.context.support.DirtiesContextTestExecutionListener, org.springframework.test.context.transaction.TransactionalTestExecutionListener, org.springframework.test.context.jdbc.SqlScriptsTestExecutionListener]
11:48:29.332 [Test worker] INFO org.springframework.boot.test.context.SpringBootTestContextBootstrapper - Using TestExecutionListeners: [org.springframework.test.context.web.ServletTestExecutionListener@f2e3750, org.springframework.test.context.support.DirtiesContextBeforeModesTestExecutionListener@32e31b2b, org.springframework.boot.test.mock.mockito.MockitoTestExecutionListener@302376f0, org.springframework.boot.test.autoconfigure.SpringBootDependencyInjectionTestExecutionListener@7e3cf343, org.springframework.test.context.support.DirtiesContextTestExecutionListener@56cf63, org.springframework.test.context.transaction.TransactionalTestExecutionListener@2ac6b601, org.springframework.test.context.jdbc.SqlScriptsTestExecutionListener@179c15f, org.springframework.boot.test.autoconfigure.restdocs.RestDocsTestExecutionListener@18c69cd8, org.springframework.boot.test.autoconfigure.web.client.MockRestServiceServerResetTestExecutionListener@2e5d7574, org.springframework.boot.test.autoconfigure.web.servlet.MockMvcPrintOnlyOnFailureTestExecutionListener@31b4b800, org.springframework.boot.test.autoconfigure.web.servlet.WebDriverTestExecutionListener@7e88e450, org.springframework.boot.test.mock.mockito.ResetMocksTestExecutionListener@52048705]
11:48:29.336 [Test worker] DEBUG org.springframework.test.context.support.AbstractDirtiesContextTestExecutionListener - Before test class: context [DefaultTestContext@3ebbe6e0 testClass = SumServiceTest, testInstance = [null], testMethod = [null], testException = [null], mergedContextConfiguration = [WebMergedContextConfiguration@6853e89 testClass = SumServiceTest, locations = '{}', classes = '{class test.task.SpringProject.SpringProjectApplication}', contextInitializerClasses = '[]', activeProfiles = '{}', propertySourceLocations = '{}', propertySourceProperties = '{org.springframework.boot.test.context.SpringBootTestContextBootstrapper=true}', contextCustomizers = set[org.springframework.boot.test.autoconfigure.properties.PropertyMappingContextCustomizer@0, org.springframework.boot.test.autoconfigure.web.servlet.WebDriverContextCustomizerFactory$Customizer@3861873b, org.springframework.boot.test.context.filter.ExcludeFilterContextCustomizer@748889a7, org.springframework.boot.test.json.DuplicateJsonObjectContextCustomizerFactory$DuplicateJsonObjectContextCustomizer@45dd78e4, org.springframework.boot.test.mock.mockito.MockitoContextCustomizer@0, org.springframework.boot.test.web.client.TestRestTemplateContextCustomizer@56c5bc04], resourceBasePath = 'src/main/webapp', contextLoader = 'org.springframework.boot.test.context.SpringBootContextLoader', parent = [null]], attributes = map['org.springframework.test.context.web.ServletTestExecutionListener.activateListener' -> true]], class annotated with @DirtiesContext [false] with mode [null].
11:48:29.360 [Test worker] DEBUG org.springframework.test.context.support.TestPropertySourceUtils - Adding inlined properties to environment: {spring.jmx.enabled=false, org.springframework.boot.test.context.SpringBootTestContextBootstrapper=true, server.port=-1}

  .   ____          _            __ _ _
 /\\ / ___'_ __ _ _(_)_ __  __ _ \ \ \ \
( ( )\___ | '_ | '_| | '_ \/ _` | \ \ \ \
 \\/  ___)| |_)| | | | | || (_| |  ) ) ) )
  '  |____| .__|_| |_|_| |_\__, | / / / /
 =========|_|==============|___/=/_/_/_/
 :: Spring Boot ::        (v2.1.7.RELEASE)

2022-05-27 11:48:29.639  INFO 13536 --- [    Test worker] test.task.SpringProject.SumServiceTest   : Starting SumServiceTest on DESKTOP-SCLFEDF with PID 13536 (started by Admin in H:\projects\SumService-main\SumService-main)
2022-05-27 11:48:29.643  INFO 13536 --- [    Test worker] test.task.SpringProject.SumServiceTest   : No active profile set, falling back to default profiles: default
2022-05-27 11:48:30.685  INFO 13536 --- [    Test worker] .s.d.r.c.RepositoryConfigurationDelegate : Bootstrapping Spring Data repositories in DEFAULT mode.
2022-05-27 11:48:30.717  INFO 13536 --- [    Test worker] .s.d.r.c.RepositoryConfigurationDelegate : Finished Spring Data repository scanning in 21ms. Found 0 repository interfaces.
2022-05-27 11:48:31.261  INFO 13536 --- [    Test worker] trationDelegate$BeanPostProcessorChecker : Bean 'org.springframework.transaction.annotation.ProxyTransactionManagementConfiguration' of type [org.springframework.transaction.annotation.ProxyTransactionManagementConfiguration$$EnhancerBySpringCGLIB$$6dfc8880] is not eligible for getting processed by all BeanPostProcessors (for example: not eligible for auto-proxying)
2022-05-27 11:48:31.533  INFO 13536 --- [    Test worker] com.zaxxer.hikari.HikariDataSource       : HikariPool-1 - Starting...
2022-05-27 11:48:31.537  WARN 13536 --- [    Test worker] com.zaxxer.hikari.util.DriverDataSource  : Registered driver with driverClassName=com.mysql.jdbc.Driver was not found, trying direct instantiation.
2022-05-27 11:48:31.761  INFO 13536 --- [    Test worker] com.zaxxer.hikari.HikariDataSource       : HikariPool-1 - Start completed.
2022-05-27 11:48:31.831  INFO 13536 --- [    Test worker] o.hibernate.jpa.internal.util.LogHelper  : HHH000204: Processing PersistenceUnitInfo [name: default]
2022-05-27 11:48:31.905  INFO 13536 --- [    Test worker] org.hibernate.Version                    : HHH000412: Hibernate ORM core version 5.6.7.Final
2022-05-27 11:48:32.071  INFO 13536 --- [    Test worker] o.hibernate.annotations.common.Version   : HCANN000001: Hibernate Commons Annotations {5.1.2.Final}
2022-05-27 11:48:32.240  INFO 13536 --- [    Test worker] org.hibernate.dialect.Dialect            : HHH000400: Using dialect: org.hibernate.dialect.MySQL5InnoDBDialect
2022-05-27 11:48:32.963  INFO 13536 --- [    Test worker] o.h.e.t.j.p.i.JtaPlatformInitiator       : HHH000490: Using JtaPlatform implementation: [org.hibernate.engine.transaction.jta.platform.internal.NoJtaPlatform]
2022-05-27 11:48:32.973  INFO 13536 --- [    Test worker] j.LocalContainerEntityManagerFactoryBean : Initialized JPA EntityManagerFactory for persistence unit 'default'
2022-05-27 11:48:33.812  INFO 13536 --- [    Test worker] o.s.s.concurrent.ThreadPoolTaskExecutor  : Initializing ExecutorService 'applicationTaskExecutor'
2022-05-27 11:48:33.889  WARN 13536 --- [    Test worker] aWebConfiguration$JpaWebMvcConfiguration : spring.jpa.open-in-view is enabled by default. Therefore, database queries may be performed during view rendering. Explicitly configure spring.jpa.open-in-view to disable this warning
2022-05-27 11:48:34.404  INFO 13536 --- [    Test worker] test.task.SpringProject.SumServiceTest   : Started SumServiceTest in 5.035 seconds (JVM running for 6.479)
2022-05-27 11:48:34.879  WARN 13536 --- [    Test worker] org.hibernate.orm.connections.pooling    : HHH10001002: Using Hibernate built-in connection pool (not for production use!)
2022-05-27 11:48:34.880  INFO 13536 --- [    Test worker] org.hibernate.orm.connections.pooling    : HHH10001005: using driver [null] at URL [jdbc:mysql://localhost:3306/test_task?useUnicode=true&useJDBCCompliantTimezoneShift=true&useLegacyDatetimeCode=false&serverTimezone=UTC]
2022-05-27 11:48:34.881  INFO 13536 --- [    Test worker] org.hibernate.orm.connections.pooling    : HHH10001001: Connection properties: {user=root, password=****, characterEncoding=utf8}
2022-05-27 11:48:34.882  INFO 13536 --- [    Test worker] org.hibernate.orm.connections.pooling    : HHH10001003: Autocommit mode: false
2022-05-27 11:48:34.887  INFO 13536 --- [    Test worker] .c.i.DriverManagerConnectionProviderImpl : HHH000115: Hibernate connection pool size: 20 (min=1)
2022-05-27 11:48:34.894  INFO 13536 --- [    Test worker] org.hibernate.dialect.Dialect            : HHH000400: Using dialect: org.hibernate.dialect.MySQLDialect
Hibernate: 
    select
        sumentity0_.name as name1_0_0_,
        sumentity0_.value as value2_0_0_ 
    from
        sum_entity sumentity0_ 
    where
        sumentity0_.name=?
Hibernate: 
    insert 
    into
        sum_entity
        (value, name) 
    values
        (?, ?)
Hibernate: 
    select
        sumentity0_.name as name1_0_0_,
        sumentity0_.value as value2_0_0_ 
    from
        sum_entity sumentity0_ 
    where
        sumentity0_.name=?
Hibernate: 
    select
        sumentity_.name,
        sumentity_.value as value2_0_ 
    from
        sum_entity sumentity_ 
    where
        sumentity_.name=?
Hibernate: 
    delete 
    from
        sum_entity 
    where
        name=?
Hibernate: 
    select
        sumentity0_.name as name1_0_0_,
        sumentity0_.value as value2_0_0_ 
    from
        sum_entity sumentity0_ 
    where
        sumentity0_.name=?
Hibernate: 
    insert 
    into
        sum_entity
        (value, name) 
    values
        (?, ?)
Hibernate: 
    select
        sumentity0_.name as name1_0_0_,
        sumentity0_.value as value2_0_0_ 
    from
        sum_entity sumentity0_ 
    where
        sumentity0_.name=?
Hibernate: 
    insert 
    into
        sum_entity
        (value, name) 
    values
        (?, ?)
Hibernate: 
    select
        sumentity0_.name as name1_0_0_,
        sumentity0_.value as value2_0_0_ 
    from
        sum_entity sumentity0_ 
    where
        sumentity0_.name=?
Hibernate: 
    insert 
    into
        sum_entity
        (value, name) 
    values
        (?, ?)
Hibernate: 
    select
        sumentity0_.name as name1_0_0_,
        sumentity0_.value as value2_0_0_ 
    from
        sum_entity sumentity0_ 
    where
        sumentity0_.name=?
Hibernate: 
    select
        sumentity0_.name as name1_0_0_,
        sumentity0_.value as value2_0_0_ 
    from
        sum_entity sumentity0_ 
    where
        sumentity0_.name=?
Hibernate: 
    select
        sumentity0_.name as name1_0_0_,
        sumentity0_.value as value2_0_0_ 
    from
        sum_entity sumentity0_ 
    where
        sumentity0_.name=?
Hibernate: 
    select
        sumentity0_.name as name1_0_0_,
        sumentity0_.value as value2_0_0_ 
    from
        sum_entity sumentity0_ 
    where
        sumentity0_.name=?
]]></system-out>
  <system-err><![CDATA[Loading class `com.mysql.jdbc.Driver'. This is deprecated. The new driver class is `com.mysql.cj.jdbc.Driver'. The driver is automatically registered via the SPI and manual loading of the driver class is generally unnecessary.
]]></system-err>
</testsuite>
